Determining if the include file malloc/malloc.h exists failed with the following output:
Change Dir: /home/liuz/work/using-souper-as-lib/third_party/llvm/Release-build/CMakeFiles/CMakeTmp

Run Build Command:"/usr/bin/ninja" "cmTC_768ce"
[1/2] Building C object CMakeFiles/cmTC_768ce.dir/CheckIncludeFile.c.o
FAILED: CMakeFiles/cmTC_768ce.dir/CheckIncludeFile.c.o 
/usr/bin/cc    -o CMakeFiles/cmTC_768ce.dir/CheckIncludeFile.c.o   -c CheckIncludeFile.c
CheckIncludeFile.c:1:10: fatal error: malloc/malloc.h: No such file or directory
 #include <malloc/malloc.h>
          ^~~~~~~~~~~~~~~~~
compilation terminated.
ninja: build stopped: subcommand failed.


Determining if the include file valgrind/valgrind.h exists failed with the following output:
Change Dir: /home/liuz/work/using-souper-as-lib/third_party/llvm/Release-build/CMakeFiles/CMakeTmp

Run Build Command:"/usr/bin/ninja" "cmTC_ea11d"
[1/2] Building C object CMakeFiles/cmTC_ea11d.dir/CheckIncludeFile.c.o
FAILED: CMakeFiles/cmTC_ea11d.dir/CheckIncludeFile.c.o 
/usr/bin/cc    -o CMakeFiles/cmTC_ea11d.dir/CheckIncludeFile.c.o   -c CheckIncludeFile.c
CheckIncludeFile.c:1:10: fatal error: valgrind/valgrind.h: No such file or directory
 #include <valgrind/valgrind.h>
          ^~~~~~~~~~~~~~~~~~~~~
compilation terminated.
ninja: build stopped: subcommand failed.


Determining if the include file mach/mach.h exists failed with the following output:
Change Dir: /home/liuz/work/using-souper-as-lib/third_party/llvm/Release-build/CMakeFiles/CMakeTmp

Run Build Command:"/usr/bin/ninja" "cmTC_adeb9"
[1/2] Building C object CMakeFiles/cmTC_adeb9.dir/CheckIncludeFile.c.o
FAILED: CMakeFiles/cmTC_adeb9.dir/CheckIncludeFile.c.o 
/usr/bin/cc    -o CMakeFiles/cmTC_adeb9.dir/CheckIncludeFile.c.o   -c CheckIncludeFile.c
CheckIncludeFile.c:1:10: fatal error: mach/mach.h: No such file or directory
 #include <mach/mach.h>
          ^~~~~~~~~~~~~
compilation terminated.
ninja: build stopped: subcommand failed.


Determining if the include file histedit.h exists failed with the following output:
Change Dir: /home/liuz/work/using-souper-as-lib/third_party/llvm/Release-build/CMakeFiles/CMakeTmp

Run Build Command:"/usr/bin/ninja" "cmTC_bfdeb"
[1/2] Building C object CMakeFiles/cmTC_bfdeb.dir/CheckIncludeFile.c.o
FAILED: CMakeFiles/cmTC_bfdeb.dir/CheckIncludeFile.c.o 
/usr/bin/cc    -o CMakeFiles/cmTC_bfdeb.dir/CheckIncludeFile.c.o   -c CheckIncludeFile.c
CheckIncludeFile.c:1:10: fatal error: histedit.h: No such file or directory
 #include <histedit.h>
          ^~~~~~~~~~~~
compilation terminated.
ninja: build stopped: subcommand failed.


Determining if the include file CrashReporterClient.h exists failed with the following output:
Change Dir: /home/liuz/work/using-souper-as-lib/third_party/llvm/Release-build/CMakeFiles/CMakeTmp

Run Build Command:"/usr/bin/ninja" "cmTC_1fcdb"
[1/2] Building C object CMakeFiles/cmTC_1fcdb.dir/CheckIncludeFile.c.o
FAILED: CMakeFiles/cmTC_1fcdb.dir/CheckIncludeFile.c.o 
/usr/bin/cc    -o CMakeFiles/cmTC_1fcdb.dir/CheckIncludeFile.c.o   -c CheckIncludeFile.c
CheckIncludeFile.c:1:10: fatal error: CrashReporterClient.h: No such file or directory
 #include <CrashReporterClient.h>
          ^~~~~~~~~~~~~~~~~~~~~~~
compilation terminated.
ninja: build stopped: subcommand failed.


Determining if the function pfm_initialize exists in the pfm failed with the following output:
Change Dir: /home/liuz/work/using-souper-as-lib/third_party/llvm/Release-build/CMakeFiles/CMakeTmp

Run Build Command:"/usr/bin/ninja" "cmTC_2d23f"
[1/2] Building C object CMakeFiles/cmTC_2d23f.dir/CheckFunctionExists.c.o
[2/2] Linking C executable cmTC_2d23f
FAILED: cmTC_2d23f 
: && /usr/bin/cc -DCHECK_FUNCTION_EXISTS=pfm_initialize   CMakeFiles/cmTC_2d23f.dir/CheckFunctionExists.c.o  -o cmTC_2d23f  -lpfm -lm && :
/usr/bin/ld: cannot find -lpfm
collect2: error: ld returned 1 exit status
ninja: build stopped: subcommand failed.


Determining if the pthread_create exist failed with the following output:
Change Dir: /home/liuz/work/using-souper-as-lib/third_party/llvm/Release-build/CMakeFiles/CMakeTmp

Run Build Command:"/usr/bin/ninja" "cmTC_02092"
[1/2] Building C object CMakeFiles/cmTC_02092.dir/CheckSymbolExists.c.o
[2/2] Linking C executable cmTC_02092
FAILED: cmTC_02092 
: && /usr/bin/cc    CMakeFiles/cmTC_02092.dir/CheckSymbolExists.c.o  -o cmTC_02092  -lm && :
CMakeFiles/cmTC_02092.dir/CheckSymbolExists.c.o: In function `main':
CheckSymbolExists.c:(.text+0x1b): undefined reference to `pthread_create'
collect2: error: ld returned 1 exit status
ninja: build stopped: subcommand failed.

File /home/liuz/work/using-souper-as-lib/third_party/llvm/Release-build/CMakeFiles/CMakeTmp/CheckSymbolExists.c:
/* */
#include <pthread.h>

int main(int argc, char** argv)
{
  (void)argv;
#ifndef pthread_create
  return ((int*)(&pthread_create))[argc];
#else
  (void)argc;
  return 0;
#endif
}

Determining if the function pthread_create exists in the pthreads failed with the following output:
Change Dir: /home/liuz/work/using-souper-as-lib/third_party/llvm/Release-build/CMakeFiles/CMakeTmp

Run Build Command:"/usr/bin/ninja" "cmTC_5778e"
[1/2] Building C object CMakeFiles/cmTC_5778e.dir/CheckFunctionExists.c.o
[2/2] Linking C executable cmTC_5778e
FAILED: cmTC_5778e 
: && /usr/bin/cc -DCHECK_FUNCTION_EXISTS=pthread_create   CMakeFiles/cmTC_5778e.dir/CheckFunctionExists.c.o  -o cmTC_5778e  -lpthreads -lm && :
/usr/bin/ld: cannot find -lpthreads
collect2: error: ld returned 1 exit status
ninja: build stopped: subcommand failed.


Determining if the function setupterm exists in the terminfo failed with the following output:
Change Dir: /home/liuz/work/using-souper-as-lib/third_party/llvm/Release-build/CMakeFiles/CMakeTmp

Run Build Command:"/usr/bin/ninja" "cmTC_e0b83"
[1/2] Building C object CMakeFiles/cmTC_e0b83.dir/CheckFunctionExists.c.o
[2/2] Linking C executable cmTC_e0b83
FAILED: cmTC_e0b83 
: && /usr/bin/cc -DCHECK_FUNCTION_EXISTS=setupterm   CMakeFiles/cmTC_e0b83.dir/CheckFunctionExists.c.o  -o cmTC_e0b83  -lterminfo -lm && :
/usr/bin/ld: cannot find -lterminfo
collect2: error: ld returned 1 exit status
ninja: build stopped: subcommand failed.


Determining if the function xar_open exists in the xar failed with the following output:
Change Dir: /home/liuz/work/using-souper-as-lib/third_party/llvm/Release-build/CMakeFiles/CMakeTmp

Run Build Command:"/usr/bin/ninja" "cmTC_443bb"
[1/2] Building C object CMakeFiles/cmTC_443bb.dir/CheckFunctionExists.c.o
[2/2] Linking C executable cmTC_443bb
FAILED: cmTC_443bb 
: && /usr/bin/cc -DCHECK_FUNCTION_EXISTS=xar_open   CMakeFiles/cmTC_443bb.dir/CheckFunctionExists.c.o  -o cmTC_443bb  -lxar -lm && :
/usr/bin/ld: cannot find -lxar
collect2: error: ld returned 1 exit status
ninja: build stopped: subcommand failed.


Determining if the arc4random exist failed with the following output:
Change Dir: /home/liuz/work/using-souper-as-lib/third_party/llvm/Release-build/CMakeFiles/CMakeTmp

Run Build Command:"/usr/bin/ninja" "cmTC_ea4b3"
[1/2] Building C object CMakeFiles/cmTC_ea4b3.dir/CheckSymbolExists.c.o
FAILED: CMakeFiles/cmTC_ea4b3.dir/CheckSymbolExists.c.o 
/usr/bin/cc    -o CMakeFiles/cmTC_ea4b3.dir/CheckSymbolExists.c.o   -c CheckSymbolExists.c
CheckSymbolExists.c: In function ‘main’:
CheckSymbolExists.c:8:19: error: ‘arc4random’ undeclared (first use in this function); did you mean ‘srandom’?
   return ((int*)(&arc4random))[argc];
                   ^~~~~~~~~~
                   srandom
CheckSymbolExists.c:8:19: note: each undeclared identifier is reported only once for each function it appears in
ninja: build stopped: subcommand failed.

File /home/liuz/work/using-souper-as-lib/third_party/llvm/Release-build/CMakeFiles/CMakeTmp/CheckSymbolExists.c:
/* */
#include <stdlib.h>

int main(int argc, char** argv)
{
  (void)argv;
#ifndef arc4random
  return ((int*)(&arc4random))[argc];
#else
  (void)argc;
  return 0;
#endif
}

Performing C SOURCE FILE Test C_SUPPORTS_WERROR_UNGUARDED_AVAILABILITY_NEW failed with the following output:
Change Dir: /home/liuz/work/using-souper-as-lib/third_party/llvm/Release-build/CMakeFiles/CMakeTmp

Run Build Command:"/usr/bin/ninja" "cmTC_00a9f"
[1/2] Building C object CMakeFiles/cmTC_00a9f.dir/src.c.o
FAILED: CMakeFiles/cmTC_00a9f.dir/src.c.o 
/usr/bin/cc   -DC_SUPPORTS_WERROR_UNGUARDED_AVAILABILITY_NEW   -Werror=unguarded-availability-new -o CMakeFiles/cmTC_00a9f.dir/src.c.o   -c src.c
cc1: error: -Werror=unguarded-availability-new: no option -Wunguarded-availability-new
ninja: build stopped: subcommand failed.

Source file was:
int main(void) { return 0; }
Determining if the mallctl exist failed with the following output:
Change Dir: /home/liuz/work/using-souper-as-lib/third_party/llvm/Release-build/CMakeFiles/CMakeTmp

Run Build Command:"/usr/bin/ninja" "cmTC_1ee30"
[1/2] Building C object CMakeFiles/cmTC_1ee30.dir/CheckSymbolExists.c.o
FAILED: CMakeFiles/cmTC_1ee30.dir/CheckSymbolExists.c.o 
/usr/bin/cc    -o CMakeFiles/cmTC_1ee30.dir/CheckSymbolExists.c.o   -c CheckSymbolExists.c
CheckSymbolExists.c:2:10: fatal error: malloc_np.h: No such file or directory
 #include <malloc_np.h>
          ^~~~~~~~~~~~~
compilation terminated.
ninja: build stopped: subcommand failed.

File /home/liuz/work/using-souper-as-lib/third_party/llvm/Release-build/CMakeFiles/CMakeTmp/CheckSymbolExists.c:
/* */
#include <malloc_np.h>

int main(int argc, char** argv)
{
  (void)argv;
#ifndef mallctl
  return ((int*)(&mallctl))[argc];
#else
  (void)argc;
  return 0;
#endif
}

Determining if the malloc_zone_statistics exist failed with the following output:
Change Dir: /home/liuz/work/using-souper-as-lib/third_party/llvm/Release-build/CMakeFiles/CMakeTmp

Run Build Command:"/usr/bin/ninja" "cmTC_0728e"
[1/2] Building C object CMakeFiles/cmTC_0728e.dir/CheckSymbolExists.c.o
FAILED: CMakeFiles/cmTC_0728e.dir/CheckSymbolExists.c.o 
/usr/bin/cc    -o CMakeFiles/cmTC_0728e.dir/CheckSymbolExists.c.o   -c CheckSymbolExists.c
CheckSymbolExists.c:2:10: fatal error: malloc/malloc.h: No such file or directory
 #include <malloc/malloc.h>
          ^~~~~~~~~~~~~~~~~
compilation terminated.
ninja: build stopped: subcommand failed.

File /home/liuz/work/using-souper-as-lib/third_party/llvm/Release-build/CMakeFiles/CMakeTmp/CheckSymbolExists.c:
/* */
#include <malloc/malloc.h>

int main(int argc, char** argv)
{
  (void)argv;
#ifndef malloc_zone_statistics
  return ((int*)(&malloc_zone_statistics))[argc];
#else
  (void)argc;
  return 0;
#endif
}

Determining if the strerror_s exist failed with the following output:
Change Dir: /home/liuz/work/using-souper-as-lib/third_party/llvm/Release-build/CMakeFiles/CMakeTmp

Run Build Command:"/usr/bin/ninja" "cmTC_19294"
[1/2] Building C object CMakeFiles/cmTC_19294.dir/CheckSymbolExists.c.o
FAILED: CMakeFiles/cmTC_19294.dir/CheckSymbolExists.c.o 
/usr/bin/cc    -o CMakeFiles/cmTC_19294.dir/CheckSymbolExists.c.o   -c CheckSymbolExists.c
CheckSymbolExists.c: In function ‘main’:
CheckSymbolExists.c:8:19: error: ‘strerror_s’ undeclared (first use in this function); did you mean ‘strerror_l’?
   return ((int*)(&strerror_s))[argc];
                   ^~~~~~~~~~
                   strerror_l
CheckSymbolExists.c:8:19: note: each undeclared identifier is reported only once for each function it appears in
ninja: build stopped: subcommand failed.

File /home/liuz/work/using-souper-as-lib/third_party/llvm/Release-build/CMakeFiles/CMakeTmp/CheckSymbolExists.c:
/* */
#include <string.h>

int main(int argc, char** argv)
{
  (void)argv;
#ifndef strerror_s
  return ((int*)(&strerror_s))[argc];
#else
  (void)argc;
  return 0;
#endif
}

Determining if the dladdr exist failed with the following output:
Change Dir: /home/liuz/work/using-souper-as-lib/third_party/llvm/Release-build/CMakeFiles/CMakeTmp

Run Build Command:"/usr/bin/ninja" "cmTC_d65f7"
[1/2] Building C object CMakeFiles/cmTC_d65f7.dir/CheckSymbolExists.c.o
FAILED: CMakeFiles/cmTC_d65f7.dir/CheckSymbolExists.c.o 
/usr/bin/cc    -o CMakeFiles/cmTC_d65f7.dir/CheckSymbolExists.c.o   -c CheckSymbolExists.c
CheckSymbolExists.c: In function ‘main’:
CheckSymbolExists.c:8:19: error: ‘dladdr’ undeclared (first use in this function)
   return ((int*)(&dladdr))[argc];
                   ^~~~~~
CheckSymbolExists.c:8:19: note: each undeclared identifier is reported only once for each function it appears in
ninja: build stopped: subcommand failed.

File /home/liuz/work/using-souper-as-lib/third_party/llvm/Release-build/CMakeFiles/CMakeTmp/CheckSymbolExists.c:
/* */
#include <dlfcn.h>

int main(int argc, char** argv)
{
  (void)argv;
#ifndef dladdr
  return ((int*)(&dladdr))[argc];
#else
  (void)argc;
  return 0;
#endif
}

Performing C SOURCE FILE Test HAVE_STRUCT_STAT_ST_MTIMESPEC_TV_NSEC failed with the following output:
Change Dir: /home/liuz/work/using-souper-as-lib/third_party/llvm/Release-build/CMakeFiles/CMakeTmp

Run Build Command:"/usr/bin/ninja" "cmTC_be6bd"
[1/2] Building C object CMakeFiles/cmTC_be6bd.dir/src.c.o
FAILED: CMakeFiles/cmTC_be6bd.dir/src.c.o 
/usr/bin/cc   -DHAVE_STRUCT_STAT_ST_MTIMESPEC_TV_NSEC -o CMakeFiles/cmTC_be6bd.dir/src.c.o   -c src.c
src.c: In function ‘main’:
src.c:7:37: error: ‘struct stat’ has no member named ‘st_mtimespec’; did you mean ‘st_mtim’?
    (void)sizeof(((struct stat *)0)->st_mtimespec.tv_nsec);
                                     ^~~~~~~~~~~~
                                     st_mtim
ninja: build stopped: subcommand failed.

Source file was:

#include <sys/types.h>
#include <sys/stat.h>

int main()
{
   (void)sizeof(((struct stat *)0)->st_mtimespec.tv_nsec);
   return 0;
}

